<?xml version="1.0" encoding="UTF-8"?>
<testng-results skipped="0" failed="0" total="1" passed="1">
  <reporter-output>
  </reporter-output>
  <suite name="Suite" duration-ms="7174" started-at="2021-09-06T16:52:01Z" finished-at="2021-09-06T16:52:08Z">
    <groups>
    </groups>
    <test name="Test" duration-ms="7174" started-at="2021-09-06T16:52:01Z" finished-at="2021-09-06T16:52:08Z">
      <class name="testpackage.MavenTest">
        <test-method status="PASS" signature="beforeTest()[pri:0, instance:testpackage.MavenTest@1e67a849]" name="beforeTest" is-config="true" duration-ms="21" started-at="2021-09-06T19:52:01Z" finished-at="2021-09-06T19:52:01Z">
          <reporter-output>
          </reporter-output>
        </test-method> <!-- beforeTest -->
        <test-method status="PASS" signature="test()[pri:0, instance:testpackage.MavenTest@1e67a849]" name="test" duration-ms="6106" started-at="2021-09-06T19:52:01Z" finished-at="2021-09-06T19:52:07Z">
          <reporter-output>
          </reporter-output>
        </test-method> <!-- test -->
        <test-method status="PASS" signature="afterTest()[pri:0, instance:testpackage.MavenTest@1e67a849]" name="afterTest" is-config="true" duration-ms="1022" started-at="2021-09-06T19:52:07Z" finished-at="2021-09-06T19:52:08Z">
          <reporter-output>
          </reporter-output>
        </test-method> <!-- afterTest -->
      </class> <!-- testpackage.MavenTest -->
    </test> <!-- Test -->
  </suite> <!-- Suite -->
</testng-results>
