<?xml version="1.0" encoding="UTF-8"?>
<testng-results skipped="0" failed="0" total="1" passed="1">
  <reporter-output>
  </reporter-output>
  <suite name="Default suite" duration-ms="8222" started-at="2021-09-06T16:34:07Z" finished-at="2021-09-06T16:34:16Z">
    <groups>
    </groups>
    <test name="Default test" duration-ms="8222" started-at="2021-09-06T16:34:07Z" finished-at="2021-09-06T16:34:16Z">
      <class name="testpackage.MavenTest">
        <test-method status="PASS" signature="beforeTest()[pri:0, instance:testpackage.MavenTest@1fe20588]" name="beforeTest" is-config="true" duration-ms="20" started-at="2021-09-06T19:34:07Z" finished-at="2021-09-06T19:34:07Z">
          <reporter-output>
          </reporter-output>
        </test-method> <!-- beforeTest -->
        <test-method status="PASS" signature="test()[pri:0, instance:testpackage.MavenTest@1fe20588]" name="test" duration-ms="7157" started-at="2021-09-06T19:34:07Z" finished-at="2021-09-06T19:34:15Z">
          <reporter-output>
          </reporter-output>
        </test-method> <!-- test -->
        <test-method status="PASS" signature="afterTest()[pri:0, instance:testpackage.MavenTest@1fe20588]" name="afterTest" is-config="true" duration-ms="1015" started-at="2021-09-06T19:34:15Z" finished-at="2021-09-06T19:34:16Z">
          <reporter-output>
          </reporter-output>
        </test-method> <!-- afterTest -->
      </class> <!-- testpackage.MavenTest -->
    </test> <!-- Default test -->
  </suite> <!-- Default suite -->
</testng-results>
